<?xml version="1.0" encoding="UTF-8"?>
<!-- Generated by org.testng.reporters.JUnitXMLReporter -->
<testsuite ignored="0" hostname="DESKTOPMURALI" failures="1" tests="4" name="Find New Cars Test" time="58.575" errors="0" timestamp="13 Sep 2023 07:15:18 GMT">
  <testcase classname="testcases.FindNewCarsTest" name="findNewCarTest" time="17.546"/>
  <testcase classname="testcases.FindNewCarsTest" name="findNewCarTest" time="12.967">
    <failure type="java.lang.AssertionError" message="The following asserts failed:
	Title is not Matching expected [Ho Cars] but found [Honda Cars]">
      <![CDATA[java.lang.AssertionError: The following asserts failed:
Title is not Matching expected [Ho Cars] but found [Honda Cars]
at testcases.FindNewCarsTest.findNewCarTest(FindNewCarsTest.java:61)
... Removed 29 stack frames]]>
    </failure>
  </testcase> <!-- findNewCarTest -->
  <testcase classname="testcases.FindNewCarsTest" name="findNewCarTest" time="12.308"/>
  <testcase classname="testcases.FindNewCarsTest" name="findNewCarTest" time="12.989"/>
</testsuite> <!-- Find New Cars Test -->
