<?xml version="1.0" encoding="UTF-8"?>
<testsuite name="TestSuite" time="17.549" tests="8" errors="0" skipped="4" failures="1">
  <properties>
    <property name="PROCESSOR_ARCHITECTURE" value="AMD64"/>
    <property name="LOGONSERVER" value="\\DESKTOPMURALI"/>
    <property name="ProgramData" value="C:\ProgramData"/>
    <property name="java.home" value="C:\Program Files\Java\jdk-11"/>
    <property name="NODE_NAME" value="built-in"/>
    <property name="JENKINS_URL" value="http://localhost:8080/"/>
    <property name="ALLUSERSPROFILE" value="C:\ProgramData"/>
    <property name="OneDriveCommercial" value="C:\Users\DELL\OneDrive - BrainzHive Infotech Solutions"/>
    <property name="PSModulePath" value="C:\Program Files\WindowsPowerShell\Modules;C:\Windows\system32\WindowsPowerShell\v1.0\Modules"/>
    <property name="=::" value="::\"/>
    <property name="USERDOMAIN" value="DESKTOPMURALI"/>
    <property name="sun.os.patch.level" value=""/>
    <property name="java.vendor.url" value="https://openjdk.java.net/"/>
    <property name="CommonProgramFiles(x86)" value="C:\Program Files (x86)\Common Files"/>
    <property name="java.version" value="11.0.19"/>
    <property name="JOB_NAME" value="CarwalePageObjectModel"/>
    <property name="COMPUTERNAME" value="DESKTOPMURALI"/>
    <property name="java.vendor.url.bug" value="https://bugreport.java.com/bugreport/"/>
    <property name="PUBLIC" value="C:\Users\Public"/>
    <property name="java.version.date" value="2023-04-18"/>
    <property name="jdk.debug" value="release"/>
    <property name="user.name" value="DELL"/>
    <property name="sun.io.unicode.encoding" value="UnicodeLittle"/>
    <property name="sun.jnu.encoding" value="Cp1252"/>
    <property name="java.runtime.name" value="Java(TM) SE Runtime Environment"/>
    <property name="windir" value="C:\Windows"/>
    <property name="PROCESSOR_IDENTIFIER" value="Intel64 Family 6 Model 78 Stepping 3, GenuineIntel"/>
    <property name="java.specification.name" value="Java Platform API Specification"/>
    <property name="LOCALAPPDATA" value="C:\Users\DELL\AppData\Local"/>
    <property name="RUN_CHANGES_DISPLAY_URL" value="http://localhost:8080/job/CarwalePageObjectModel/3/display/redirect?page=changes"/>
    <property name="user.timezone" value="Asia/Calcutta"/>
    <property name="user.script" value=""/>
    <property name="path.separator" value=";"/>
    <property name="NUMBER_OF_PROCESSORS" value="4"/>
    <property name="BUILD_TAG" value="jenkins-CarwalePageObjectModel-3"/>
    <property name="file.encoding" value="Cp1252"/>
    <property name="sun.java.command" value="jenkins.maven3.agent.Maven35Main D:\Softwares\SeleniumDependencies\apache-maven-3.9.2 C:\Users\DELL\.jenkins\war\WEB-INF\lib\remoting-3107.v665000b_51092.jar C:\Users\DELL\.jenkins\plugins\maven-plugin\WEB-INF\lib\maven35-interceptor-1.14.jar C:\Users\DELL\.jenkins\plugins\maven-plugin\WEB-INF\lib\maven3-interceptor-commons-1.14.jar 60813"/>
    <property name="HUDSON_URL" value="http://localhost:8080/"/>
    <property name="JENKINS_SERVER_COOKIE" value="be2c8df250da98d7"/>
    <property name="=D:" value="D:\Softwares\Jenkins"/>
    <property name="EXECUTOR_NUMBER" value="1"/>
    <property name="Path" value="C:\Program Files\Java\jdk-11/bin;C:\Users\DELL\Downloads\WINDOWS.X64_193000_db_home\bin;C:\Program Files\Common Files\Oracle\Java\javapath;C:\Windows\system32;C:\Windows;C:\Windows\System32\Wbem;C:\Windows\System32\WindowsPowerShell\v1.0\;C:\Windows\System32\OpenSSH\;C:\Program Files (x86)\Microsoft SQL Server\160\DTS\Binn\;C:\Program Files\Azure Data Studio\bin;C:\Program Files\Java\jdk-11\bin;D:\Softwares\SeleniumDependencies\apache-maven-3.9.2\bin;C:\Users\DELL\AppData\Local\Microsoft\WindowsApps;C:\Program Files\Azure Data Studio\bin;"/>
    <property name="java.io.tmpdir" value="C:\Users\DELL\AppData\Local\Temp\"/>
    <property name="APPDATA" value="C:\Users\DELL\AppData\Roaming"/>
    <property name="user.language" value="en"/>
    <property name="line.separator" value="&#10;"/>
    <property name="BUILD_URL" value="http://localhost:8080/job/CarwalePageObjectModel/3/"/>
    <property name="M2_HOME" value="D:\Softwares\SeleniumDependencies\apache-maven-3.9.2"/>
    <property name="ZES_ENABLE_SYSMAN" value="1"/>
    <property name="java.vm.info" value="mixed mode"/>
    <property name="DriverData" value="C:\Windows\System32\Drivers\DriverData"/>
    <property name="sun.desktop" value="windows"/>
    <property name="java.vm.specification.name" value="Java Virtual Machine Specification"/>
    <property name="CI" value="true"/>
    <property name="BUILD_DISPLAY_NAME" value="#3"/>
    <property name="OS" value="Windows_NT"/>
    <property name="guice.disable.misplaced.annotation.check" value="true"/>
    <property name="HUDSON_SERVER_COOKIE" value="be2c8df250da98d7"/>
    <property name="WORKSPACE_TMP" value="C:\Users\DELL\.jenkins\workspace\CarwalePageObjectModel@tmp"/>
    <property name="MAVEN_HOME" value="D:\Softwares\SeleniumDependencies\apache-maven-3.9.2"/>
    <property name="SESSIONNAME" value="Console"/>
    <property name="PATHEXT" value=".COM;.EXE;.BAT;.CMD;.VBS;.VBE;.JS;.JSE;.WSF;.WSH;.MSC"/>
    <property name="java.awt.printerjob" value="sun.awt.windows.WPrinterJob"/>
    <property name="maven3.interceptor.common" value="C:\Users\DELL\.jenkins\plugins\maven-plugin\WEB-INF\lib\maven3-interceptor-commons-1.14.jar"/>
    <property name="CLASSPATH" value=""/>
    <property name="jansi.mode" value="strip"/>
    <property name="HOMEPATH" value="\Users\DELL"/>
    <property name="os.name" value="Windows 11"/>
    <property name="java.specification.vendor" value="Oracle Corporation"/>
    <property name="BUILD_NUMBER" value="3"/>
    <property name="java.vm.name" value="Java HotSpot(TM) 64-Bit Server VM"/>
    <property name="maven3.interceptor" value="C:\Users\DELL\.jenkins\plugins\maven-plugin\WEB-INF\lib\maven35-interceptor-1.14.jar"/>
    <property name="java.library.path" value="C:\Program Files\Java\jdk-11\bin;C:\Windows\Sun\Java\bin;C:\Windows\system32;C:\Windows;D:\Softwares\SeleniumDependencies\apache-maven-3.9.2/bin;C:\Program Files\Java\jdk-11/bin;C:\Program Files\Java\jdk-11/bin;C:\Users\DELL\Downloads\WINDOWS.X64_193000_db_home\bin;C:\Program Files\Common Files\Oracle\Java\javapath;C:\Windows\system32;C:\Windows;C:\Windows\System32\Wbem;C:\Windows\System32\WindowsPowerShell\v1.0\;C:\Windows\System32\OpenSSH\;C:\Program Files (x86)\Microsoft SQL Server\160\DTS\Binn\;C:\Program Files\Azure Data Studio\bin;C:\Program Files\Java\jdk-11\bin;D:\Softwares\SeleniumDependencies\apache-maven-3.9.2\bin;C:\Users\DELL\AppData\Local\Microsoft\WindowsApps;C:\Program Files\Azure Data Studio\bin;;."/>
    <property name="HOMEDRIVE" value="C:"/>
    <property name="POM_GROUPID" value="com.brainzhive"/>
    <property name="POM_ARTIFACTID" value="PageObjectModel"/>
    <property name="java.class.version" value="55.0"/>
    <property name="JOB_URL" value="http://localhost:8080/job/CarwalePageObjectModel/"/>
    <property name="OneDrive" value="C:\Users\DELL\OneDrive - BrainzHive Infotech Solutions"/>
    <property name="RUN_DISPLAY_URL" value="http://localhost:8080/job/CarwalePageObjectModel/3/display/redirect"/>
    <property name="VBOX_MSI_INSTALL_PATH" value="C:\Program Files\Oracle\VirtualBox\"/>
    <property name="JENKINS_HOME" value="C:\Users\DELL\.jenkins"/>
    <property name="BUILD_ID" value="3"/>
    <property name="TEMP" value="C:\Users\DELL\AppData\Local\Temp"/>
    <property name="sun.boot.library.path" value="C:\Program Files\Java\jdk-11\bin"/>
    <property name="sun.management.compiler" value="HotSpot 64-Bit Tiered Compilers"/>
    <property name="java.awt.graphicsenv" value="sun.awt.Win32GraphicsEnvironment"/>
    <property name="user.variant" value=""/>
    <property name="PROCESSOR_REVISION" value="4e03"/>
    <property name="POM_VERSION" value="0.0.1-SNAPSHOT"/>
    <property name="HUDSON_HOME" value="C:\Users\DELL\.jenkins"/>
    <property name="ProgramFiles(x86)" value="C:\Program Files (x86)"/>
    <property name="PATH+MAVEN" value="D:\Softwares\SeleniumDependencies\apache-maven-3.9.2/bin"/>
    <property name="USERDOMAIN_ROAMINGPROFILE" value="DESKTOPMURALI"/>
    <property name="RUN_ARTIFACTS_DISPLAY_URL" value="http://localhost:8080/job/CarwalePageObjectModel/3/display/redirect?page=artifacts"/>
    <property name="PROMPT" value="$P$G"/>
    <property name="java.vm.specification.version" value="11"/>
    <property name="JAVA_HOME" value="C:\Program Files\Java\jdk-11"/>
    <property name="awt.toolkit" value="sun.awt.windows.WToolkit"/>
    <property name="NODE_LABELS" value="built-in"/>
    <property name="sun.cpu.isalist" value="amd64"/>
    <property name="USERPROFILE" value="C:\Users\DELL"/>
    <property name="java.vm.compressedOopsMode" value="Zero based"/>
    <property name="JOB_DISPLAY_URL" value="http://localhost:8080/job/CarwalePageObjectModel/display/redirect"/>
    <property name="os.version" value="10.0"/>
    <property name="user.home" value="C:\Users\DELL"/>
    <property name="USERNAME" value="DELL"/>
    <property name="java.vm.vendor" value="Oracle Corporation"/>
    <property name="PROCESSOR_LEVEL" value="6"/>
    <property name="CommonProgramW6432" value="C:\Program Files\Common Files"/>
    <property name="user.dir" value="D:\AutomationFramework\PageObjectModel"/>
    <property name="maven.conf" value="D:\Softwares\SeleniumDependencies\apache-maven-3.9.2\conf"/>
    <property name="ProgramW6432" value="C:\Program Files"/>
    <property name="TMP" value="C:\Users\DELL\AppData\Local\Temp"/>
    <property name="sun.cpu.endian" value="little"/>
    <property name="SystemDrive" value="C:"/>
    <property name="java.vm.version" value="11.0.19+9-LTS-224"/>
    <property name="java.class.path" value="C:\Users\DELL\.jenkins\plugins\maven-plugin\WEB-INF\lib\maven35-agent-1.14.jar;D:\Softwares\SeleniumDependencies\apache-maven-3.9.2\boot\plexus-classworlds-2.7.0.jar;D:\Softwares\SeleniumDependencies\apache-maven-3.9.2/conf/logging"/>
    <property name="org.slf4j.simpleLogger.defaultLogLevel" value="info"/>
    <property name="os.arch" value="amd64"/>
    <property name="OneDriveConsumer" value="C:\Users\DELL\OneDrive"/>
    <property name="WORKSPACE" value="C:\Users\DELL\.jenkins\workspace\CarwalePageObjectModel"/>
    <property name="ComSpec" value="C:\Windows\system32\cmd.exe"/>
    <property name="RUN_TESTS_DISPLAY_URL" value="http://localhost:8080/job/CarwalePageObjectModel/3/display/redirect?page=tests"/>
    <property name="sun.java.launcher" value="SUN_STANDARD"/>
    <property name="FPS_BROWSER_APP_PROFILE_STRING" value="Internet Explorer"/>
    <property name="SystemRoot" value="C:\Windows"/>
    <property name="CommonProgramFiles" value="C:\Program Files\Common Files"/>
    <property name="java.vm.specification.vendor" value="Oracle Corporation"/>
    <property name="FPS_BROWSER_USER_PROFILE_STRING" value="Default"/>
    <property name="file.separator" value="\"/>
    <property name="java.runtime.version" value="11.0.19+9-LTS-224"/>
    <property name="ProgramFiles" value="C:\Program Files"/>
    <property name="PATH+JDK" value="C:\Program Files\Java\jdk-11/bin"/>
    <property name="user.country" value="US"/>
    <property name="POM_PACKAGING" value="jar"/>
    <property name="maven.home" value="D:\Softwares\SeleniumDependencies\apache-maven-3.9.2"/>
    <property name="JOB_BASE_NAME" value="CarwalePageObjectModel"/>
    <property name="java.vendor.version" value="18.9"/>
    <property name="java.vendor" value="Oracle Corporation"/>
    <property name="EFC_7580" value="1"/>
    <property name="java.specification.version" value="11"/>
    <property name="POM_DISPLAYNAME" value="PageObjectModel"/>
    <property name="sun.arch.data.model" value="64"/>
  </properties>
  <testcase name="findNewCarTest" classname="testcases.FindNewCarsTest" time="17.549"/>
  <testcase name="findNewCarTest" classname="testcases.FindNewCarsTest" time="12.976">
    <failure message="The following asserts failed:&#10;	Title is not Matching expected [Ho Cars] but found [Honda Cars]" type="java.lang.AssertionError">java.lang.AssertionError: The following asserts failed:
	Title is not Matching expected [Ho Cars] but found [Honda Cars]
	at org.testng.asserts.SoftAssert.assertAll(SoftAssert.java:43)
	at testcases.FindNewCarsTest.findNewCarTest(FindNewCarsTest.java:61)
</failure>
    <system-out><![CDATA[Actual : Honda Cars ---- Expected : Ho Cars
]]></system-out>
  </testcase>
  <testcase name="findNewCarTest" classname="testcases.FindNewCarsTest" time="12.309"/>
  <testcase name="findNewCarTest" classname="testcases.FindNewCarsTest" time="12.997"/>
  <testcase name="carNameAndPrice" classname="testcases.CarNameAndPriceTest" time="0">
    <skipped/>
  </testcase>
  <testcase name="carNameAndPrice" classname="testcases.CarNameAndPriceTest" time="0">
    <skipped/>
  </testcase>
  <testcase name="carNameAndPrice" classname="testcases.CarNameAndPriceTest" time="0">
    <skipped/>
  </testcase>
  <testcase name="carNameAndPrice" classname="testcases.CarNameAndPriceTest" time="0">
    <skipped/>
  </testcase>
</testsuite>